<?xml version="1.0" encoding="UTF-8"?>
<testng-results ignored="0" total="1" passed="1" failed="0" skipped="0">
  <reporter-output>
  </reporter-output>
  <suite started-at="2024-07-30T13:33:32 IST" name="Default suite" finished-at="2024-07-30T13:33:55 IST" duration-ms="23196">
    <groups>
    </groups>
    <test started-at="2024-07-30T13:33:32 IST" name="Default test" finished-at="2024-07-30T13:33:55 IST" duration-ms="23196">
      <class name="com.ShoppersStack_TestScripts.Verify_user_is_able_to_add_address_or_not_Test">
        <test-method is-config="true" signature="beforeSuite()[pri:0, instance:com.ShoppersStack_TestScripts.Verify_user_is_able_to_add_address_or_not_Test@4b013c76]" started-at="2024-07-30T13:33:32 IST" name="beforeSuite" finished-at="2024-07-30T13:33:32 IST" duration-ms="23" status="PASS">
          <reporter-output>
          </reporter-output>
        </test-method> <!-- beforeSuite -->
        <test-method is-config="true" signature="beforeTest()[pri:0, instance:com.ShoppersStack_TestScripts.Verify_user_is_able_to_add_address_or_not_Test@4b013c76]" started-at="2024-07-30T13:33:32 IST" name="beforeTest" finished-at="2024-07-30T13:33:33 IST" duration-ms="357" status="PASS">
          <reporter-output>
          </reporter-output>
        </test-method> <!-- beforeTest -->
        <test-method is-config="true" signature="beforeClass()[pri:0, instance:com.ShoppersStack_TestScripts.Verify_user_is_able_to_add_address_or_not_Test@4b013c76]" started-at="2024-07-30T13:33:33 IST" name="beforeClass" finished-at="2024-07-30T13:33:37 IST" duration-ms="4282" status="PASS">
          <reporter-output>
          </reporter-output>
        </test-method> <!-- beforeClass -->
        <test-method is-config="true" signature="beforeMethod()[pri:0, instance:com.ShoppersStack_TestScripts.Verify_user_is_able_to_add_address_or_not_Test@4b013c76]" started-at="2024-07-30T13:33:37 IST" name="beforeMethod" finished-at="2024-07-30T13:33:47 IST" duration-ms="9895" status="PASS">
          <reporter-output>
          </reporter-output>
        </test-method> <!-- beforeMethod -->
        <test-method signature="addAddress()[pri:0, instance:com.ShoppersStack_TestScripts.Verify_user_is_able_to_add_address_or_not_Test@4b013c76]" started-at="2024-07-30T13:33:47 IST" name="addAddress" finished-at="2024-07-30T13:33:51 IST" duration-ms="4639" status="PASS">
          <reporter-output>
          </reporter-output>
        </test-method> <!-- addAddress -->
        <test-method is-config="true" signature="afterMethod()[pri:0, instance:com.ShoppersStack_TestScripts.Verify_user_is_able_to_add_address_or_not_Test@4b013c76]" started-at="2024-07-30T13:33:51 IST" name="afterMethod" finished-at="2024-07-30T13:33:52 IST" duration-ms="270" status="PASS">
          <reporter-output>
          </reporter-output>
        </test-method> <!-- afterMethod -->
        <test-method is-config="true" signature="afterClass()[pri:0, instance:com.ShoppersStack_TestScripts.Verify_user_is_able_to_add_address_or_not_Test@4b013c76]" started-at="2024-07-30T13:33:52 IST" name="afterClass" finished-at="2024-07-30T13:33:55 IST" duration-ms="3289" status="PASS">
          <reporter-output>
          </reporter-output>
        </test-method> <!-- afterClass -->
        <test-method is-config="true" signature="afterTest()[pri:0, instance:com.ShoppersStack_TestScripts.Verify_user_is_able_to_add_address_or_not_Test@4b013c76]" started-at="2024-07-30T13:33:55 IST" name="afterTest" finished-at="2024-07-30T13:33:55 IST" duration-ms="417" status="PASS">
          <reporter-output>
          </reporter-output>
        </test-method> <!-- afterTest -->
        <test-method is-config="true" signature="afterSuite()[pri:0, instance:com.ShoppersStack_TestScripts.Verify_user_is_able_to_add_address_or_not_Test@4b013c76]" started-at="2024-07-30T13:33:55 IST" name="afterSuite" finished-at="2024-07-30T13:33:55 IST" duration-ms="0" status="PASS">
          <reporter-output>
          </reporter-output>
        </test-method> <!-- afterSuite -->
      </class> <!-- com.ShoppersStack_TestScripts.Verify_user_is_able_to_add_address_or_not_Test -->
    </test> <!-- Default test -->
  </suite> <!-- Default suite -->
</testng-results>
